2020-02-21 16:28:28.208960 [info] Parsed vsomeip configuration in 0ms
2020-02-21 16:28:28.209186 [info] Using configuration file: "../config/vsomeip.json".
2020-02-21 16:28:28.209193 [info] Default configuration module loaded.
2020-02-21 16:28:28.209197 [info] Initializing vsomeip application "Interface1-Service".
2020-02-21 16:28:28.209238 [info] SOME/IP client identifier configured. Using 4444 (was: 4444) and UID/GID=1000/1000
2020-02-21 16:28:28.209246 [info] Instantiating routing manager [Host].
2020-02-21 16:28:28.209271 [info] init_routing_endpoint Routing endpoint at /tmp/vsomeip-0
2020-02-21 16:28:28.209308 [info] Client [4444] is connecting to [0] at /tmp/vsomeip-0
2020-02-21 16:28:28.209319 [info] Application(Interface1-Service, 4444) is initialized (11, 100).
2020-02-21 16:28:28.209442 [info] Starting vsomeip application "Interface1-Service" (4444) using 2 threads I/O nice 255
2020-02-21 16:28:28.209492 [info] REGISTER EVENT(4444): [1234.5678.80f2:is_provider=true]
2020-02-21 16:28:28.209508 [info] shutdown thread id from application: 4444 (Interface1-Service) is: 7f4386c7e700 TID: 11652
2020-02-21 16:28:28.209525 [info] main dispatch thread id from application: 4444 (Interface1-Service) is: 7f438747f700 TID: 11651
2020-02-21 16:28:28.209548 [info] Watchdog is disabled!
2020-02-21 16:28:28.209562 [info] OFFER(4444): [1234.5678:0.1]
2020-02-21 16:28:28.209583 [info] io thread id from application: 4444 (Interface1-Service) is: 7f4387c80700 TID: 11650
2020-02-21 16:28:28.209643 [info] io thread id from application: 4444 (Interface1-Service) is: 7f4385c7c700 TID: 11654
2020-02-21 16:28:28.209660 [info] vSomeIP 2.14.16 | (default)
2020-02-21 16:28:28.209668 [info] Sent READY to systemd watchdog
2020-02-21 16:28:28.209696 [info] Network interface "lo" state changed: up
2020-02-21 16:28:28.209702 [info] Service Discovery disabled. Using static routing information.
2020-02-21 16:28:28.209732 [info] SOME/IP routing ready.
2020-02-21 16:28:38.209786 [info] vSomeIP 2.14.16 | (default)
2020-02-21 16:28:48.210004 [info] vSomeIP 2.14.16 | (default)
2020-02-21 16:28:58.210233 [info] vSomeIP 2.14.16 | (default)
2020-02-21 16:29:08.210444 [info] vSomeIP 2.14.16 | (default)
2020-02-21 16:29:18.210694 [info] vSomeIP 2.14.16 | (default)
2020-02-21 16:29:28.210902 [info] vSomeIP 2.14.16 | (default)
2020-02-21 16:29:38.211120 [info] vSomeIP 2.14.16 | (default)
2020-02-21 16:29:48.211333 [info] vSomeIP 2.14.16 | (default)
2020-02-21 16:29:58.211553 [info] vSomeIP 2.14.16 | (default)
2020-02-21 16:30:08.211763 [info] vSomeIP 2.14.16 | (default)
2020-02-21 16:30:18.211985 [info] vSomeIP 2.14.16 | (default)
2020-02-21 16:30:28.212192 [info] vSomeIP 2.14.16 | (default)
2020-02-21 16:30:38.212407 [info] vSomeIP 2.14.16 | (default)
2020-02-21 16:30:48.212621 [info] vSomeIP 2.14.16 | (default)
2020-02-21 16:30:58.212848 [info] vSomeIP 2.14.16 | (default)
2020-02-21 16:31:08.213059 [info] vSomeIP 2.14.16 | (default)
2020-02-21 16:31:18.213292 [info] vSomeIP 2.14.16 | (default)
2020-02-21 16:31:28.213514 [info] vSomeIP 2.14.16 | (default)
2020-02-21 16:31:38.213734 [info] vSomeIP 2.14.16 | (default)
2020-02-21 16:31:48.213943 [info] vSomeIP 2.14.16 | (default)
2020-02-21 16:31:58.214157 [info] vSomeIP 2.14.16 | (default)
2020-02-21 16:32:08.214368 [info] vSomeIP 2.14.16 | (default)
2020-02-21 16:32:18.214597 [info] vSomeIP 2.14.16 | (default)
2020-02-21 16:32:28.214811 [info] vSomeIP 2.14.16 | (default)
2020-02-21 16:32:38.215039 [info] vSomeIP 2.14.16 | (default)
2020-02-21 16:32:48.215257 [info] vSomeIP 2.14.16 | (default)
2020-02-21 16:32:58.215478 [info] vSomeIP 2.14.16 | (default)
2020-02-21 16:33:08.215691 [info] vSomeIP 2.14.16 | (default)
2020-02-21 16:33:18.215924 [info] vSomeIP 2.14.16 | (default)
2020-02-21 16:33:28.216129 [info] vSomeIP 2.14.16 | (default)
2020-02-21 16:33:38.216358 [info] vSomeIP 2.14.16 | (default)
2020-02-21 16:33:48.216572 [info] vSomeIP 2.14.16 | (default)
2020-02-21 16:33:58.216775 [info] vSomeIP 2.14.16 | (default)
2020-02-21 16:34:08.216988 [info] vSomeIP 2.14.16 | (default)
2020-02-21 16:34:18.217199 [info] vSomeIP 2.14.16 | (default)
2020-02-21 16:34:28.217409 [info] vSomeIP 2.14.16 | (default)
2020-02-21 16:34:38.217617 [info] vSomeIP 2.14.16 | (default)
2020-02-21 16:34:48.217827 [info] vSomeIP 2.14.16 | (default)
2020-02-21 16:34:58.218043 [info] vSomeIP 2.14.16 | (default)
2020-02-21 16:35:08.218255 [info] vSomeIP 2.14.16 | (default)
2020-02-21 16:35:18.218477 [info] vSomeIP 2.14.16 | (default)
2020-02-21 16:35:28.218710 [info] vSomeIP 2.14.16 | (default)
2020-02-21 16:35:38.218917 [info] vSomeIP 2.14.16 | (default)
2020-02-21 16:35:48.219127 [info] vSomeIP 2.14.16 | (default)
2020-02-21 16:35:58.219334 [info] vSomeIP 2.14.16 | (default)
2020-02-21 16:36:08.219550 [info] vSomeIP 2.14.16 | (default)
2020-02-21 16:36:18.219762 [info] vSomeIP 2.14.16 | (default)
2020-02-21 16:36:28.219967 [info] vSomeIP 2.14.16 | (default)
2020-02-21 16:36:38.220173 [info] vSomeIP 2.14.16 | (default)
2020-02-21 16:36:48.220383 [info] vSomeIP 2.14.16 | (default)
2020-02-21 16:36:58.220589 [info] vSomeIP 2.14.16 | (default)
2020-02-21 16:37:08.220801 [info] vSomeIP 2.14.16 | (default)
2020-02-21 16:37:18.221029 [info] vSomeIP 2.14.16 | (default)
2020-02-21 16:37:28.221235 [info] vSomeIP 2.14.16 | (default)
2020-02-21 16:37:38.221443 [info] vSomeIP 2.14.16 | (default)
2020-02-21 16:37:48.221661 [info] vSomeIP 2.14.16 | (default)
2020-02-21 16:37:58.221875 [info] vSomeIP 2.14.16 | (default)
2020-02-21 16:38:08.222084 [info] vSomeIP 2.14.16 | (default)
2020-02-21 16:38:18.222299 [info] vSomeIP 2.14.16 | (default)
2020-02-21 16:38:28.222472 [info] vSomeIP 2.14.16 | (default)
2020-02-21 16:38:38.222706 [info] vSomeIP 2.14.16 | (default)
2020-02-21 16:38:48.222910 [info] vSomeIP 2.14.16 | (default)
2020-02-21 16:38:58.223124 [info] vSomeIP 2.14.16 | (default)
2020-02-21 16:39:08.223332 [info] vSomeIP 2.14.16 | (default)
2020-02-21 16:39:18.223549 [info] vSomeIP 2.14.16 | (default)
2020-02-21 16:39:28.223755 [info] vSomeIP 2.14.16 | (default)
2020-02-21 16:39:38.223973 [info] vSomeIP 2.14.16 | (default)
2020-02-21 16:39:48.224190 [info] vSomeIP 2.14.16 | (default)
2020-02-21 16:39:58.224403 [info] vSomeIP 2.14.16 | (default)
2020-02-21 16:40:08.224629 [info] vSomeIP 2.14.16 | (default)
2020-02-21 16:40:18.224845 [info] vSomeIP 2.14.16 | (default)
2020-02-21 16:40:28.225057 [info] vSomeIP 2.14.16 | (default)
2020-02-21 16:40:38.225268 [info] vSomeIP 2.14.16 | (default)
2020-02-21 16:40:48.225482 [info] vSomeIP 2.14.16 | (default)
2020-02-21 16:40:58.225662 [info] vSomeIP 2.14.16 | (default)
2020-02-21 16:41:08.225876 [info] vSomeIP 2.14.16 | (default)
2020-02-21 16:41:18.226094 [info] vSomeIP 2.14.16 | (default)
2020-02-21 16:41:28.226304 [info] vSomeIP 2.14.16 | (default)
2020-02-21 16:41:38.226540 [info] vSomeIP 2.14.16 | (default)
2020-02-21 16:41:48.226760 [info] vSomeIP 2.14.16 | (default)
2020-02-21 16:41:58.226974 [info] vSomeIP 2.14.16 | (default)
2020-02-21 16:42:08.227184 [info] vSomeIP 2.14.16 | (default)
2020-02-21 16:42:18.227401 [info] vSomeIP 2.14.16 | (default)
2020-02-21 16:42:28.227595 [info] vSomeIP 2.14.16 | (default)
2020-02-21 16:42:38.227807 [info] vSomeIP 2.14.16 | (default)
2020-02-21 16:42:48.228020 [info] vSomeIP 2.14.16 | (default)
2020-02-21 16:42:58.228234 [info] vSomeIP 2.14.16 | (default)
2020-02-21 16:43:08.228451 [info] vSomeIP 2.14.16 | (default)
2020-02-21 16:43:18.228682 [info] vSomeIP 2.14.16 | (default)
2020-02-21 16:43:28.228892 [info] vSomeIP 2.14.16 | (default)
2020-02-21 16:43:38.229110 [info] vSomeIP 2.14.16 | (default)
2020-02-21 16:43:48.229322 [info] vSomeIP 2.14.16 | (default)
2020-02-21 16:43:58.229533 [info] vSomeIP 2.14.16 | (default)
2020-02-21 16:44:08.229741 [info] vSomeIP 2.14.16 | (default)
2020-02-21 16:44:18.229955 [info] vSomeIP 2.14.16 | (default)
2020-02-21 16:44:28.230161 [info] vSomeIP 2.14.16 | (default)
2020-02-21 16:44:38.230371 [info] vSomeIP 2.14.16 | (default)
2020-02-21 16:44:48.230584 [info] vSomeIP 2.14.16 | (default)
2020-02-21 16:44:58.230760 [info] vSomeIP 2.14.16 | (default)
2020-02-21 16:45:08.230975 [info] vSomeIP 2.14.16 | (default)
2020-02-21 16:45:18.231204 [info] vSomeIP 2.14.16 | (default)